<?xml version="1.0" encoding="UTF-8"?>
<!-- Generated by org.testng.reporters.JUnitReportReporter -->
<testsuite skipped="0" hostname="DESKTOP-KHEI6LJ" name="GooPro1172020.GooProA1172020.GooApp" tests="1" failures="0" timestamp="2020-01-17T23:12:28 EST" time="0.031" errors="0">
  <testcase name="testcase1" time="0.031" classname="GooPro1172020.GooProA1172020.GooApp"/>
  <system-out/>
</testsuite> <!-- GooPro1172020.GooProA1172020.GooApp -->
